<?xml version="1.0" encoding="UTF-8"?>
<testsuite name="Academy Choucair" tests="1" skipped="0" failures="1" errors="0" timestamp="2021-04-23T03:54:17" hostname="DESKTOP-OS883VU" time="2.178">
  <properties/>
  <testcase name="Search for a automation course" classname="Academy Choucair" time="2.178">
    <failure message="java.lang.IndexOutOfBoundsException: Index: 0, Size: 0" type="java.lang.IndexOutOfBoundsException">java.lang.IndexOutOfBoundsException: Index: 0, Size: 0
	at java.util.ArrayList.rangeCheck(ArrayList.java:653)
	at java.util.ArrayList.get(ArrayList.java:429)
	at java.util.Collections$UnmodifiableList.get(Collections.java:1309)
	at co.com.choucair.certification.firstproject.stepdefinitions.ChoucairAcademyStepDefinitions.thanBrandomWantsToLearnAutomationAtTheAcademyChoucair(ChoucairAcademyStepDefinitions.java:31)
	at âœ½.than brandom wants to learn automation at the academy choucair(src/test/resources/features/academyChoucair.feature:8)
</failure>
    <failure message="cucumber.runtime.junit.UndefinedThrowable: The step &quot;he search for the course Foundation Level on the choucair academy platform&quot; is undefined" type="cucumber.runtime.junit.UndefinedThrowable">cucumber.runtime.junit.UndefinedThrowable: The step &quot;he search for the course Foundation Level on the choucair academy platform&quot; is undefined
</failure>
    <failure message="cucumber.runtime.junit.UndefinedThrowable: The step &quot;he finds the course called Foundation level&quot; is undefined" type="cucumber.runtime.junit.UndefinedThrowable">cucumber.runtime.junit.UndefinedThrowable: The step &quot;he finds the course called Foundation level&quot; is undefined
</failure>
  </testcase>
  <system-out><![CDATA[]]></system-out>
  <system-err><![CDATA[[Test worker] WARN net.thucydides.core.steps.BaseStepListener - stepStarted: net.thucydides.core.steps.ExecutedStepDescription@5b8a96c6
[Test worker] WARN net.thucydides.core.steps.BaseStepListener - stepStarted: net.thucydides.core.steps.ExecutedStepDescription@1fefa1f1
[Test worker] INFO net.thucydides.core.steps.ConsoleLoggingListener - TEST PENDING
[Test worker] WARN net.thucydides.core.steps.BaseStepListener - stepStarted: net.thucydides.core.steps.ExecutedStepDescription@1fd80c9f
[Test worker] WARN net.thucydides.core.steps.BaseStepListener - testFinished: Search for a automation course:Given than brandom wants to learn automation at the academy choucair
| strUser | strPassword |, When he search for the course Foundation Level on the choucair academy platform
| "1006513555" | "Choucair2021* |, Then he finds the course called Foundation level
[Test worker] WARN net.thucydides.core.steps.BaseStepListener - TestOutcomes: [Search for a automation course:Given than brandom wants to learn automation at the academy choucair
| strUser | strPassword |, When he search for the course Foundation Level on the choucair academy platform
| "1006513555" | "Choucair2021* |, Then he finds the course called Foundation level]
[Test worker] WARN net.thucydides.core.steps.BaseStepListener - Final testOutcomes: [Search for a automation course:Given than brandom wants to learn automation at the academy choucair
| strUser | strPassword |, When he search for the course Foundation Level on the choucair academy platform
| "1006513555" | "Choucair2021* |, Then he finds the course called Foundation level]
[Test worker] ERROR net.thucydides.core.steps.ConsoleLoggingListener - 
           __  _____ _____ ____ _____   _____ _    ___ _     _____ ____  
  _       / / |_   _| ____/ ___|_   _| |  ___/ \  |_ _| |   | ____|  _ \ 
 (_)_____| |    | | |  _| \___ \ | |   | |_ / _ \  | || |   |  _| | | | |
  _|_____| |    | | | |___ ___) || |   |  _/ ___ \ | || |___| |___| |_| |
 (_)     | |    |_| |_____|____/ |_|   |_|/_/   \_\___|_____|_____|____/ 
          \_\                                                            

TEST FAILED WITH ERROR: Search for a automation course
---------------------------------------------------------------------
[Test worker] ERROR net.thucydides.core.steps.ConsoleLoggingListener - TEST FAILED AT STEP Given than brandom wants to learn automation at the academy choucair | strUser | strPassword |
[Test worker] ERROR net.thucydides.core.steps.ConsoleLoggingListener - Index: 0, Size: 0
]]></system-err>
</testsuite>
